TN:
SF:src/main/main.ts
FN:12,ensureDir
FN:16,createWindow
FNF:2
FNH:2
FNDA:18,ensureDir
FNDA:9,createWindow
DA:1,1
DA:2,1
DA:3,1
DA:4,1
DA:5,1
DA:6,1
DA:7,1
DA:9,1
DA:10,1
DA:12,18
DA:13,18
DA:14,18
DA:16,9
DA:17,9
DA:18,9
DA:19,9
DA:21,9
DA:22,9
DA:23,9
DA:24,9
DA:25,9
DA:26,9
DA:27,9
DA:28,9
DA:29,9
DA:30,9
DA:31,9
DA:32,9
DA:33,9
DA:35,9
DA:36,1
DA:37,1
DA:38,9
DA:39,8
DA:40,8
DA:42,9
DA:43,2
DA:44,9
DA:45,9
DA:49,1
DA:50,0
DA:51,0
DA:53,1
DA:54,0
DA:56,0
DA:58,0
DA:60,0
DA:61,0
DA:62,0
DA:63,0
DA:64,0
DA:65,0
DA:66,0
DA:67,0
DA:69,0
DA:70,0
DA:71,0
DA:73,0
DA:74,0
DA:76,0
DA:77,0
DA:79,0
DA:80,0
DA:81,0
DA:82,0
DA:83,0
DA:84,0
DA:85,0
DA:86,0
DA:88,0
DA:89,0
DA:90,0
DA:92,0
DA:94,0
DA:95,0
DA:96,0
DA:97,0
DA:99,0
DA:100,0
DA:101,0
DA:102,0
DA:103,0
DA:104,0
DA:105,0
DA:106,0
DA:107,0
DA:108,0
DA:110,0
DA:111,0
DA:112,0
DA:113,0
DA:114,0
DA:115,0
DA:116,0
DA:117,0
DA:118,0
DA:119,0
DA:120,0
DA:124,1
DA:125,0
DA:127,0
DA:128,0
DA:130,0
DA:131,0
DA:132,0
DA:133,0
DA:134,0
DA:135,0
DA:136,0
DA:137,0
DA:138,0
DA:139,0
DA:140,0
DA:141,0
DA:142,0
DA:143,0
DA:144,0
DA:145,0
DA:147,1
DA:148,0
DA:149,0
DA:150,0
DA:151,0
DA:152,0
DA:153,0
DA:154,0
DA:155,0
DA:159,1
DA:160,0
DA:161,0
DA:162,0
DA:164,1
DA:165,0
DA:166,0
DA:168,1
DA:169,0
DA:171,0
DA:172,0
DA:176,1
DA:178,1
DA:179,1
DA:180,1
DA:182,1
DA:183,1
DA:184,1
LF:145
LH:53
BRDA:12,0,0,18
BRDA:13,1,0,0
BRDA:16,2,0,9
BRDA:35,3,0,1
BRDA:38,4,0,8
BRDA:42,5,0,2
BRDA:178,6,0,1
BRDA:179,7,0,0
BRDA:182,8,0,1
BRF:9
BRH:7
end_of_record
TN:
SF:src/main/preload.ts
FN:5,getInfo
FN:6,download
FN:10,analyzeBPM
FN:11,analyzeKey
FN:14,getAll
FN:15,create
FN:16,update
FN:17,delete
FN:20,showOpenDialog
FN:21,getMediaDir
FN:22,readAsArrayBuffer
FN:32,on
FN:33,handler
FN:37,off
FNF:14
FNH:3
FNDA:0,getInfo
FNDA:0,download
FNDA:0,analyzeBPM
FNDA:0,analyzeKey
FNDA:0,getAll
FNDA:0,create
FNDA:0,update
FNDA:0,delete
FNDA:0,showOpenDialog
FNDA:0,getMediaDir
FNDA:0,readAsArrayBuffer
FNDA:2,on
FNDA:1,handler
FNDA:1,off
DA:1,1
DA:3,1
DA:4,1
DA:5,1
DA:6,1
DA:7,0
DA:8,1
DA:9,1
DA:10,1
DA:11,1
DA:12,1
DA:13,1
DA:14,1
DA:15,1
DA:16,1
DA:17,1
DA:18,1
DA:19,1
DA:20,1
DA:21,1
DA:22,1
DA:23,1
DA:24,1
DA:25,1
DA:26,1
DA:27,1
DA:28,1
DA:29,1
DA:30,1
DA:31,1
DA:32,1
DA:33,2
DA:34,2
DA:35,2
DA:36,2
DA:37,1
DA:38,1
DA:39,1
DA:40,1
DA:42,1
LF:40
LH:39
BRDA:32,0,0,2
BRDA:33,1,0,1
BRDA:37,2,0,1
BRF:3
BRH:3
end_of_record
TN:
SF:src/main/database/connection.ts
FN:5,createDatabase
FNF:1
FNH:1
FNDA:190,createDatabase
DA:1,1
DA:5,1
DA:6,190
DA:9,190
DA:12,190
DA:14,190
DA:15,190
LF:7
LH:7
BRDA:5,0,0,190
BRF:1
BRH:1
end_of_record
TN:
SF:src/main/database/migrations/runner.ts
FN:11,up
FN:53,up
FN:81,up
FN:98,up
FN:138,runMigrations
FNF:5
FNH:5
FNDA:55,up
FNDA:55,up
FNDA:55,up
FNDA:55,up
FNDA:56,runMigrations
DA:8,1
DA:9,1
DA:10,1
DA:11,1
DA:12,55
DA:48,55
DA:49,55
DA:50,1
DA:51,1
DA:52,1
DA:53,1
DA:54,55
DA:76,55
DA:77,55
DA:78,1
DA:79,1
DA:80,1
DA:81,1
DA:82,55
DA:93,55
DA:94,55
DA:95,1
DA:96,1
DA:97,1
DA:98,1
DA:99,55
DA:133,55
DA:134,55
DA:135,1
DA:136,1
DA:138,1
DA:140,56
DA:146,56
DA:148,56
DA:149,56
DA:151,56
DA:153,56
DA:154,224
DA:155,220
DA:156,220
DA:157,220
DA:158,220
DA:159,220
DA:160,220
DA:161,224
DA:162,56
LF:46
LH:46
BRDA:11,0,0,55
BRDA:53,1,0,55
BRDA:81,2,0,55
BRDA:98,3,0,55
BRDA:138,4,0,56
BRDA:153,5,0,224
BRDA:154,6,0,220
BRDA:149,7,0,4
BRDA:155,8,0,220
BRF:9
BRH:9
end_of_record
TN:
SF:src/main/ipc/register.ts
FN:3,registerIPCHandler
FNF:1
FNH:1
FNDA:3,registerIPCHandler
DA:1,1
DA:3,1
DA:4,3
DA:5,3
DA:6,3
DA:7,3
DA:8,2
DA:9,2
DA:10,2
DA:11,1
DA:12,1
DA:13,1
DA:14,3
DA:15,3
LF:14
LH:14
BRDA:3,0,0,3
BRDA:7,1,0,2
BRDA:10,2,0,1
BRDA:11,3,0,0
BRF:4
BRH:3
end_of_record
TN:
SF:src/main/services/audio.service.ts
FN:41,analyzeBPM
FN:52,analyzeKey
FN:63,analyzeWaveform
FN:86,getMetadata
FN:117,convertFormat
FN:149,trim
FN:174,normalize
FN:195,separateStems
FN:215,fullAnalysis
FNF:9
FNH:9
FNDA:3,analyzeBPM
FNDA:3,analyzeKey
FNDA:3,analyzeWaveform
FNDA:4,getMetadata
FNDA:1,convertFormat
FNDA:1,trim
FNDA:1,normalize
FNDA:2,separateStems
FNDA:2,fullAnalysis
DA:1,1
DA:2,1
DA:40,1
DA:41,1
DA:42,3
DA:44,2
DA:45,0
DA:46,0
DA:48,2
DA:49,2
DA:50,3
DA:52,1
DA:53,3
DA:55,2
DA:56,0
DA:57,0
DA:59,2
DA:60,2
DA:61,3
DA:63,1
DA:64,3
DA:65,3
DA:66,3
DA:67,3
DA:68,3
DA:70,2
DA:71,0
DA:72,0
DA:75,1
DA:76,1
DA:77,1
DA:78,1
DA:79,0
DA:80,0
DA:81,1
DA:83,3
DA:84,3
DA:86,1
DA:87,4
DA:88,4
DA:89,4
DA:90,4
DA:91,4
DA:92,4
DA:93,4
DA:94,4
DA:95,4
DA:96,4
DA:97,4
DA:98,4
DA:99,4
DA:101,4
DA:102,1
DA:103,1
DA:105,3
DA:106,4
DA:108,4
DA:109,4
DA:110,4
DA:111,4
DA:112,4
DA:113,4
DA:114,4
DA:115,4
DA:117,1
DA:118,1
DA:119,1
DA:120,1
DA:121,1
DA:122,1
DA:124,1
DA:126,1
DA:127,1
DA:128,1
DA:130,1
DA:131,0
DA:132,0
DA:134,1
DA:135,0
DA:136,0
DA:138,1
DA:140,1
DA:142,1
DA:143,0
DA:144,0
DA:146,1
DA:147,1
DA:149,1
DA:150,1
DA:152,1
DA:153,1
DA:154,1
DA:155,1
DA:156,1
DA:157,1
DA:158,1
DA:159,1
DA:160,1
DA:161,1
DA:162,1
DA:163,1
DA:165,1
DA:167,1
DA:168,0
DA:169,0
DA:171,1
DA:172,1
DA:174,1
DA:175,1
DA:177,1
DA:178,1
DA:179,1
DA:180,1
DA:181,1
DA:182,1
DA:183,1
DA:184,1
DA:186,1
DA:188,1
DA:189,0
DA:190,0
DA:192,1
DA:193,1
DA:195,1
DA:196,2
DA:197,2
DA:199,2
DA:201,2
DA:203,2
DA:204,0
DA:205,0
DA:207,1
DA:208,1
DA:209,1
DA:210,1
DA:211,1
DA:212,1
DA:213,2
DA:215,1
DA:216,2
DA:217,2
DA:218,2
DA:219,2
DA:220,2
DA:221,2
DA:223,1
DA:224,1
DA:225,1
DA:226,1
DA:227,1
DA:228,1
DA:229,1
DA:230,1
DA:231,2
DA:232,1
LF:155
LH:135
BRDA:41,0,0,3
BRDA:42,1,0,2
BRDA:44,2,0,0
BRDA:52,3,0,3
BRDA:53,4,0,2
BRDA:55,5,0,0
BRDA:63,6,0,3
BRDA:68,7,0,2
BRDA:70,8,0,0
BRDA:72,9,0,1
BRDA:83,10,0,0
BRDA:83,11,0,1
BRDA:77,12,0,4
BRDA:86,13,0,4
BRDA:101,14,0,3
BRDA:101,15,0,1
BRDA:109,16,0,3
BRDA:110,17,0,2
BRDA:110,18,0,2
BRDA:110,19,0,1
BRDA:111,20,0,2
BRDA:112,21,0,2
BRDA:113,22,0,3
BRDA:106,23,0,3
BRDA:117,24,0,1
BRDA:130,25,0,0
BRDA:134,26,0,0
BRDA:142,27,0,0
BRDA:149,28,0,1
BRDA:167,29,0,0
BRDA:174,30,0,1
BRDA:188,31,0,0
BRDA:195,32,0,2
BRDA:196,33,0,0
BRDA:201,34,0,1
BRDA:203,35,0,0
BRDA:205,36,0,1
BRDA:215,37,0,2
BRDA:221,38,0,1
BRDA:217,39,0,1
BRDA:218,40,0,1
BRDA:220,41,0,1
BRF:42
BRH:31
end_of_record
TN:
SF:src/main/services/dashboard.service.ts
FN:28,<instance_members_initializer>
FN:41,DashboardService
FN:46,initializeSchema
FN:65,recordAction
FN:86,getState
FN:90,setCurrentProject
FN:95,addTrack
FN:100,removeTrack
FN:105,updateTrack
FN:113,play
FN:119,pause
FN:125,seek
FN:131,stop
FN:137,muteAll
FN:144,unmuteAll
FN:151,soloTrack
FN:159,clearSolo
FN:166,getMasterVolume
FN:170,setMasterVolume
FN:175,getActionHistory
FN:179,undo
FN:200,redo
FN:209,applyActionAtIndex
FN:227,applyAction
FNF:24
FNH:24
FNDA:18,<instance_members_initializer>
FNDA:18,DashboardService
FNDA:18,initializeSchema
FNDA:29,recordAction
FNDA:15,getState
FNDA:1,setCurrentProject
FNDA:14,addTrack
FNDA:1,removeTrack
FNDA:1,updateTrack
FNDA:3,play
FNDA:1,pause
FNDA:2,seek
FNDA:1,stop
FNDA:1,muteAll
FNDA:1,unmuteAll
FNDA:1,soloTrack
FNDA:1,clearSolo
FNDA:2,getMasterVolume
FNDA:1,setMasterVolume
FNDA:1,getActionHistory
FNDA:2,undo
FNDA:1,redo
FNDA:1,applyActionAtIndex
FNDA:1,applyAction
DA:2,1
DA:28,1
DA:29,18
DA:30,18
DA:31,18
DA:32,18
DA:33,18
DA:34,18
DA:35,18
DA:36,18
DA:37,18
DA:38,18
DA:39,18
DA:41,18
DA:42,18
DA:43,18
DA:44,18
DA:46,18
DA:47,18
DA:62,18
DA:63,18
DA:65,18
DA:66,29
DA:67,29
DA:70,29
DA:71,13
DA:72,13
DA:74,29
DA:75,29
DA:76,29
DA:78,29
DA:81,29
DA:83,29
DA:84,29
DA:86,18
DA:87,15
DA:88,15
DA:90,18
DA:91,1
DA:92,1
DA:93,1
DA:95,18
DA:96,14
DA:97,14
DA:98,14
DA:100,18
DA:101,1
DA:102,1
DA:103,1
DA:105,18
DA:106,1
DA:107,1
DA:108,1
DA:109,1
DA:110,1
DA:111,1
DA:113,18
DA:114,3
DA:115,3
DA:116,3
DA:117,3
DA:119,18
DA:120,1
DA:121,1
DA:122,1
DA:123,1
DA:125,18
DA:126,2
DA:127,2
DA:128,2
DA:129,2
DA:131,18
DA:132,1
DA:133,1
DA:134,1
DA:135,1
DA:137,18
DA:138,1
DA:139,2
DA:140,1
DA:141,1
DA:142,1
DA:144,18
DA:145,1
DA:146,2
DA:147,1
DA:148,1
DA:149,1
DA:151,18
DA:153,1
DA:154,2
DA:155,1
DA:156,1
DA:157,1
DA:159,18
DA:160,1
DA:161,2
DA:162,1
DA:163,1
DA:164,1
DA:166,18
DA:167,2
DA:168,2
DA:170,18
DA:171,1
DA:172,1
DA:173,1
DA:175,18
DA:176,1
DA:177,1
DA:179,18
DA:180,2
DA:181,2
DA:182,2
DA:183,0
DA:184,2
DA:186,2
DA:187,2
DA:188,2
DA:189,2
DA:190,2
DA:191,2
DA:192,2
DA:193,2
DA:194,2
DA:195,2
DA:196,2
DA:197,0
DA:198,2
DA:200,18
DA:201,1
DA:202,1
DA:203,1
DA:204,1
DA:205,1
DA:206,0
DA:207,1
DA:209,18
DA:211,1
DA:212,1
DA:213,1
DA:214,1
DA:215,1
DA:216,1
DA:217,1
DA:218,1
DA:221,1
DA:222,1
DA:223,1
DA:224,1
DA:225,1
DA:227,18
DA:228,1
DA:229,1
DA:230,1
DA:231,1
DA:232,1
DA:233,1
DA:234,1
DA:235,0
DA:236,0
DA:237,0
DA:238,0
DA:239,1
DA:240,0
DA:241,0
DA:242,0
DA:243,0
DA:244,0
DA:245,0
DA:246,0
DA:247,1
DA:248,0
DA:249,0
DA:250,1
DA:251,0
DA:252,0
DA:253,1
DA:254,0
DA:255,0
DA:256,1
DA:257,0
DA:258,0
DA:259,1
DA:260,0
DA:261,0
DA:262,0
DA:263,1
DA:264,0
DA:265,0
DA:266,0
DA:267,0
DA:268,1
DA:269,0
DA:270,0
DA:271,0
DA:272,0
DA:273,1
DA:274,0
DA:275,0
DA:276,0
DA:277,0
DA:278,1
DA:279,0
DA:280,0
DA:281,0
DA:282,0
DA:283,1
DA:284,0
DA:285,0
DA:286,1
DA:287,1
DA:288,18
LF:213
LH:170
BRDA:28,0,0,18
BRDA:41,1,0,18
BRDA:46,2,0,18
BRDA:65,3,0,29
BRDA:70,4,0,13
BRDA:86,5,0,15
BRDA:90,6,0,1
BRDA:95,7,0,14
BRDA:100,8,0,1
BRDA:101,9,0,1
BRDA:105,10,0,1
BRDA:106,11,0,1
BRDA:113,12,0,3
BRDA:119,13,0,1
BRDA:125,14,0,2
BRDA:131,15,0,1
BRDA:137,16,0,1
BRDA:138,17,0,2
BRDA:144,18,0,1
BRDA:145,19,0,2
BRDA:151,20,0,1
BRDA:153,21,0,2
BRDA:159,22,0,1
BRDA:160,23,0,2
BRDA:166,24,0,2
BRDA:170,25,0,1
BRDA:175,26,0,1
BRDA:179,27,0,2
BRDA:182,28,0,0
BRDA:196,29,0,0
BRDA:200,30,0,1
BRDA:205,31,0,0
BRDA:209,32,0,1
BRDA:227,33,0,1
BRDA:234,34,0,0
BRDA:239,35,0,0
BRDA:247,36,0,0
BRDA:250,37,0,0
BRDA:253,38,0,0
BRDA:256,39,0,0
BRDA:259,40,0,0
BRDA:263,41,0,0
BRDA:268,42,0,0
BRDA:273,43,0,0
BRDA:278,44,0,0
BRDA:283,45,0,0
BRF:46
BRH:31
end_of_record
TN:
SF:src/main/services/file.service.ts
FN:36,<instance_members_initializer>
FN:45,FileService
FN:63,importFile
FN:81,listFiles
FN:92,getFile
FN:98,deleteFile
FN:102,restoreFile
FN:106,searchFiles
FN:116,addTags
FN:121,getStorageStats
FN:129,rowToAsset
FNF:11
FNH:11
FNDA:14,<instance_members_initializer>
FNDA:14,FileService
FNDA:15,importFile
FNDA:5,listFiles
FNDA:3,getFile
FNDA:2,deleteFile
FNDA:1,restoreFile
FNDA:2,searchFiles
FNDA:3,addTags
FNDA:1,getStorageStats
FNDA:26,rowToAsset
DA:1,1
DA:2,1
DA:23,1
DA:24,1
DA:25,1
DA:26,1
DA:27,1
DA:28,1
DA:29,1
DA:30,1
DA:31,1
DA:32,1
DA:33,1
DA:34,1
DA:36,1
DA:37,14
DA:38,14
DA:39,14
DA:40,14
DA:41,14
DA:42,14
DA:43,14
DA:45,14
DA:46,14
DA:47,14
DA:48,14
DA:49,14
DA:53,14
DA:55,14
DA:56,14
DA:57,14
DA:58,14
DA:59,14
DA:60,14
DA:61,14
DA:63,14
DA:64,15
DA:65,15
DA:66,15
DA:69,15
DA:70,15
DA:72,15
DA:74,15
DA:75,15
DA:77,15
DA:78,15
DA:79,15
DA:81,14
DA:82,5
DA:83,5
DA:84,4
DA:85,4
DA:86,5
DA:88,5
DA:89,5
DA:90,5
DA:92,14
DA:93,3
DA:94,3
DA:95,2
DA:96,3
DA:98,14
DA:99,2
DA:100,2
DA:102,14
DA:103,1
DA:104,1
DA:106,14
DA:108,2
DA:112,2
DA:113,2
DA:114,2
DA:116,14
DA:117,3
DA:118,3
DA:119,3
DA:121,14
DA:122,1
DA:123,1
DA:124,1
DA:125,1
DA:126,1
DA:127,1
DA:129,14
DA:130,26
DA:131,26
DA:132,26
DA:133,26
DA:134,26
DA:135,26
DA:136,26
DA:137,26
DA:138,26
DA:139,26
DA:140,26
DA:141,26
DA:142,26
DA:143,26
DA:144,26
DA:145,26
DA:146,26
DA:147,26
DA:148,26
DA:149,14
LF:104
LH:104
BRDA:36,0,0,14
BRDA:45,1,0,14
BRDA:63,2,0,15
BRDA:66,3,0,0
BRDA:75,4,0,0
BRDA:81,5,0,5
BRDA:83,6,0,1
BRDA:83,7,0,4
BRDA:89,8,0,6
BRDA:92,9,0,3
BRDA:94,10,0,2
BRDA:94,11,0,1
BRDA:98,12,0,2
BRDA:102,13,0,1
BRDA:106,14,0,2
BRDA:113,15,0,3
BRDA:116,16,0,3
BRDA:121,17,0,1
BRDA:125,18,0,0
BRDA:129,19,0,26
BRDA:130,20,0,2
BRDA:130,21,0,24
BRF:22
BRH:19
end_of_record
TN:
SF:src/main/services/hardware.service.ts
FN:30,<instance_members_initializer>
FN:35,HardwareService
FN:40,initializeSchema
FN:73,listAudioDevices
FN:82,getDeviceInfo
FN:107,configureInputDevice
FN:118,configureOutputDevice
FN:129,startLevelMonitor
FN:135,getLevels
FN:144,stopLevelMonitor
FN:149,createAudioRoute
FN:161,startRecording
FN:167,stopRecording
FN:172,detectDeviceSpecs
FN:180,saveConfiguration
FN:197,loadConfiguration
FN:208,listConfigurations
FN:214,deleteConfiguration
FN:219,getAudioCPUUsage
FN:224,checkHardwareHealth
FNF:20
FNH:20
FNDA:14,<instance_members_initializer>
FNDA:14,HardwareService
FNDA:14,initializeSchema
FNDA:3,listAudioDevices
FNDA:1,getDeviceInfo
FNDA:1,configureInputDevice
FNDA:1,configureOutputDevice
FNDA:2,startLevelMonitor
FNDA:1,getLevels
FNDA:1,stopLevelMonitor
FNDA:1,createAudioRoute
FNDA:1,startRecording
FNDA:1,stopRecording
FNDA:1,detectDeviceSpecs
FNDA:4,saveConfiguration
FNDA:1,loadConfiguration
FNDA:2,listConfigurations
FNDA:1,deleteConfiguration
FNDA:1,getAudioCPUUsage
FNDA:1,checkHardwareHealth
DA:2,1
DA:30,1
DA:31,14
DA:32,14
DA:33,14
DA:35,14
DA:36,14
DA:37,14
DA:38,14
DA:40,14
DA:41,14
DA:70,14
DA:71,14
DA:73,14
DA:75,3
DA:76,3
DA:77,3
DA:79,3
DA:80,3
DA:82,14
DA:83,1
DA:84,1
DA:86,1
DA:87,0
DA:88,0
DA:89,0
DA:90,0
DA:91,0
DA:92,0
DA:93,0
DA:96,1
DA:97,1
DA:98,1
DA:99,1
DA:100,1
DA:101,1
DA:102,1
DA:103,1
DA:104,1
DA:105,1
DA:107,14
DA:108,1
DA:109,1
DA:112,1
DA:114,1
DA:115,1
DA:116,1
DA:118,14
DA:119,1
DA:120,1
DA:123,1
DA:125,1
DA:126,1
DA:127,1
DA:129,14
DA:130,2
DA:131,2
DA:132,2
DA:133,2
DA:135,14
DA:136,1
DA:137,1
DA:138,0
DA:139,0
DA:140,0
DA:142,1
DA:144,14
DA:145,1
DA:146,1
DA:147,1
DA:149,14
DA:150,1
DA:152,1
DA:155,1
DA:157,1
DA:158,1
DA:159,1
DA:161,14
DA:162,1
DA:163,1
DA:164,1
DA:165,1
DA:167,14
DA:168,1
DA:169,1
DA:170,1
DA:172,14
DA:173,1
DA:174,1
DA:175,1
DA:176,1
DA:177,1
DA:178,1
DA:180,14
DA:181,4
DA:185,4
DA:187,4
DA:188,4
DA:189,4
DA:190,4
DA:191,4
DA:192,4
DA:193,4
DA:194,4
DA:195,4
DA:197,14
DA:198,1
DA:199,1
DA:201,1
DA:202,0
DA:203,0
DA:205,1
DA:206,1
DA:208,14
DA:209,2
DA:210,2
DA:211,2
DA:212,2
DA:214,14
DA:215,1
DA:216,1
DA:217,1
DA:219,14
DA:221,1
DA:222,1
DA:224,14
DA:227,1
DA:228,1
DA:230,1
DA:231,1
DA:232,1
DA:233,1
DA:234,1
DA:235,14
LF:134
LH:122
BRDA:30,0,0,14
BRDA:35,1,0,14
BRDA:40,2,0,14
BRDA:73,3,0,3
BRDA:82,4,0,1
BRDA:86,5,0,0
BRDA:107,6,0,1
BRDA:118,7,0,1
BRDA:129,8,0,2
BRDA:135,9,0,1
BRDA:137,10,0,0
BRDA:144,11,0,1
BRDA:149,12,0,1
BRDA:161,13,0,1
BRDA:167,14,0,1
BRDA:172,15,0,1
BRDA:180,16,0,4
BRDA:197,17,0,1
BRDA:201,18,0,0
BRDA:208,19,0,2
BRDA:211,20,0,2
BRDA:214,21,0,1
BRDA:219,22,0,1
BRDA:224,23,0,1
BRDA:231,24,0,0
BRF:25
BRH:21
end_of_record
TN:
SF:src/main/services/health.service.ts
FN:34,checkTool
FN:49,getStatus
FNF:2
FNH:2
FNDA:52,checkTool
FNDA:8,getStatus
DA:1,1
DA:2,1
DA:19,1
DA:21,1
DA:22,1
DA:23,1
DA:24,1
DA:25,1
DA:26,1
DA:27,1
DA:28,1
DA:29,1
DA:31,1
DA:33,1
DA:34,1
DA:35,52
DA:36,52
DA:37,52
DA:38,27
DA:39,27
DA:40,27
DA:41,27
DA:42,52
DA:43,52
DA:44,52
DA:45,25
DA:46,25
DA:47,52
DA:49,1
DA:50,8
DA:51,8
DA:52,8
DA:54,8
DA:55,8
DA:56,8
DA:57,8
DA:58,8
DA:59,8
DA:60,8
DA:61,8
DA:62,8
DA:63,1
LF:42
LH:42
BRDA:34,0,0,52
BRDA:35,1,0,1
BRDA:37,2,0,27
BRDA:42,3,0,0
BRDA:44,4,0,25
BRDA:49,5,0,8
BRDA:51,6,0,48
BRF:7
BRH:6
end_of_record
TN:
SF:src/main/services/midi.service.ts
FN:34,<instance_members_initializer>
FN:40,MidiService
FN:45,initializeSchema
FN:73,listInputDevices
FN:77,listOutputDevices
FN:81,openInputPort
FN:87,openOutputPort
FN:93,onMidiMessage
FN:97,sendNote
FN:106,sendControlChange
FN:115,sendProgramChange
FN:124,startMidiRecording
FN:130,stopMidiRecording
FN:134,playMidiRecording
FN:139,stopMidiPlayback
FN:143,createMidiMapping
FN:163,listMidiMappings
FN:168,deleteMidiMapping
FN:174,closePort
FN:180,startMidiLearn
FN:185,stopMidiLearn
FN:192,saveMidiProfile
FN:201,loadMidiProfile
FNF:23
FNH:23
FNDA:16,<instance_members_initializer>
FNDA:16,MidiService
FNDA:16,initializeSchema
FNDA:1,listInputDevices
FNDA:1,listOutputDevices
FNDA:9,openInputPort
FNDA:5,openOutputPort
FNDA:1,onMidiMessage
FNDA:1,sendNote
FNDA:1,sendControlChange
FNDA:1,sendProgramChange
FNDA:2,startMidiRecording
FNDA:2,stopMidiRecording
FNDA:1,playMidiRecording
FNDA:1,stopMidiPlayback
FNDA:3,createMidiMapping
FNDA:1,listMidiMappings
FNDA:1,deleteMidiMapping
FNDA:1,closePort
FNDA:1,startMidiLearn
FNDA:1,stopMidiLearn
FNDA:1,saveMidiProfile
FNDA:1,loadMidiProfile
DA:2,1
DA:34,1
DA:35,16
DA:36,16
DA:37,16
DA:38,16
DA:40,16
DA:41,16
DA:42,16
DA:43,16
DA:45,16
DA:46,16
DA:70,16
DA:71,16
DA:73,16
DA:74,1
DA:75,1
DA:77,16
DA:78,1
DA:79,1
DA:81,16
DA:82,9
DA:83,9
DA:84,9
DA:85,9
DA:87,16
DA:88,5
DA:89,5
DA:90,5
DA:91,5
DA:93,16
DA:94,1
DA:95,1
DA:97,16
DA:98,1
DA:99,1
DA:100,0
DA:101,0
DA:103,1
DA:104,1
DA:106,16
DA:107,1
DA:108,1
DA:109,0
DA:110,0
DA:112,1
DA:113,1
DA:115,16
DA:116,1
DA:117,1
DA:118,0
DA:119,0
DA:121,1
DA:122,1
DA:124,16
DA:125,2
DA:126,2
DA:127,2
DA:128,2
DA:130,16
DA:131,2
DA:132,2
DA:134,16
DA:135,1
DA:136,1
DA:137,1
DA:139,16
DA:140,1
DA:141,1
DA:143,16
DA:144,3
DA:146,3
DA:149,3
DA:151,3
DA:152,3
DA:153,3
DA:154,3
DA:155,3
DA:156,3
DA:157,3
DA:158,3
DA:160,3
DA:161,3
DA:163,16
DA:164,1
DA:165,1
DA:166,1
DA:168,16
DA:169,1
DA:170,1
DA:171,1
DA:172,1
DA:174,16
DA:175,1
DA:176,1
DA:177,1
DA:178,1
DA:180,16
DA:181,1
DA:182,1
DA:183,1
DA:185,16
DA:186,1
DA:187,1
DA:188,1
DA:189,1
DA:190,1
DA:192,16
DA:193,1
DA:196,1
DA:198,1
DA:199,1
DA:201,16
DA:202,1
DA:203,1
DA:205,1
DA:206,0
DA:207,0
DA:209,1
DA:210,1
DA:211,16
LF:121
LH:113
BRDA:34,0,0,16
BRDA:40,1,0,16
BRDA:45,2,0,16
BRDA:73,3,0,1
BRDA:77,4,0,1
BRDA:81,5,0,9
BRDA:87,6,0,5
BRDA:93,7,0,1
BRDA:97,8,0,1
BRDA:99,9,0,0
BRDA:106,10,0,1
BRDA:108,11,0,0
BRDA:115,12,0,1
BRDA:117,13,0,0
BRDA:124,14,0,2
BRDA:130,15,0,2
BRDA:134,16,0,1
BRDA:139,17,0,1
BRDA:143,18,0,3
BRDA:157,19,0,2
BRDA:163,20,0,1
BRDA:168,21,0,1
BRDA:174,22,0,1
BRDA:180,23,0,1
BRDA:185,24,0,1
BRDA:192,25,0,1
BRDA:201,26,0,1
BRDA:205,27,0,0
BRF:28
BRH:24
end_of_record
TN:
SF:src/main/services/navigation.service.ts
FN:15,<instance_members_initializer>
FN:36,NavigationService
FN:40,getNavigationState
FN:44,navigateTo
FN:69,goBack
FN:78,goForward
FN:87,openModal
FN:96,closeModal
FN:100,getCurrentRoute
FN:104,onNavigationChange
FN:108,setActiveProject
FN:112,resetToHome
FN:121,isValidRoute
FN:126,getBreadcrumbs
FN:130,getNavigationHistory
FN:134,clearModals
FNF:16
FNH:16
FNDA:17,<instance_members_initializer>
FNDA:17,NavigationService
FNDA:12,getNavigationState
FNDA:24,navigateTo
FNDA:2,goBack
FNDA:1,goForward
FNDA:5,openModal
FNDA:1,closeModal
FNDA:1,getCurrentRoute
FNDA:1,onNavigationChange
FNDA:1,setActiveProject
FNDA:1,resetToHome
FNDA:26,isValidRoute
FNDA:1,getBreadcrumbs
FNDA:1,getNavigationHistory
FNDA:1,clearModals
DA:15,1
DA:16,17
DA:17,17
DA:18,17
DA:19,17
DA:20,17
DA:21,17
DA:23,17
DA:24,17
DA:25,17
DA:26,17
DA:27,17
DA:28,17
DA:29,17
DA:30,17
DA:31,17
DA:32,17
DA:33,17
DA:34,17
DA:36,17
DA:38,17
DA:40,17
DA:41,12
DA:42,12
DA:44,17
DA:45,24
DA:46,0
DA:47,0
DA:48,0
DA:51,24
DA:52,20
DA:53,20
DA:54,20
DA:56,24
DA:57,24
DA:60,24
DA:61,24
DA:62,33
DA:63,24
DA:66,24
DA:67,24
DA:69,17
DA:70,2
DA:71,2
DA:72,2
DA:74,2
DA:75,2
DA:76,2
DA:78,17
DA:79,1
DA:80,1
DA:81,1
DA:83,1
DA:84,1
DA:85,1
DA:87,17
DA:88,5
DA:90,5
DA:91,5
DA:93,5
DA:94,5
DA:96,17
DA:97,1
DA:98,1
DA:100,17
DA:101,1
DA:102,1
DA:104,17
DA:105,1
DA:106,1
DA:108,17
DA:109,1
DA:110,1
DA:112,17
DA:113,1
DA:114,1
DA:115,1
DA:116,1
DA:118,1
DA:119,1
DA:121,17
DA:122,26
DA:123,26
DA:124,26
DA:126,17
DA:127,1
DA:128,1
DA:130,17
DA:131,1
DA:132,1
DA:134,17
DA:135,1
DA:136,1
DA:137,17
LF:94
LH:91
BRDA:15,0,0,17
BRDA:36,1,0,17
BRDA:40,2,0,12
BRDA:44,3,0,24
BRDA:45,4,0,0
BRDA:51,5,0,20
BRDA:61,6,0,33
BRDA:66,7,0,1
BRDA:69,8,0,2
BRDA:78,9,0,1
BRDA:87,10,0,5
BRDA:96,11,0,1
BRDA:97,12,0,1
BRDA:100,13,0,1
BRDA:104,14,0,1
BRDA:108,15,0,1
BRDA:112,16,0,1
BRDA:121,17,0,26
BRDA:126,18,0,1
BRDA:130,19,0,1
BRDA:134,20,0,1
BRF:21
BRH:20
end_of_record
TN:
SF:src/main/services/os-integration.service.ts
FN:49,<instance_members_initializer>
FN:56,OSIntegrationService
FN:61,initializeSchema
FN:79,createTrayIcon
FN:84,showNotification
FN:96,createTrayMenu
FN:104,registerGlobalShortcut
FN:109,unregisterGlobalShortcut
FN:113,openFileDialog
FN:118,openSaveDialog
FN:123,openDirectoryDialog
FN:128,createApplicationMenu
FN:133,focusWindow
FN:137,minimizeWindow
FN:141,maximizeWindow
FN:145,toggleFullscreen
FN:149,getSystemInfo
FN:157,checkForUpdates
FN:165,openExternalURL
FN:170,copyToClipboard
FN:179,readFromClipboard
FN:184,registerFileAssociation
FN:194,onFileDrop
FN:198,isDarkMode
FN:203,onThemeChange
FN:207,getAudioDevices
FN:214,openPreferences
FNF:27
FNH:27
FNDA:25,<instance_members_initializer>
FNDA:25,OSIntegrationService
FNDA:25,initializeSchema
FNDA:2,createTrayIcon
FNDA:2,showNotification
FNDA:1,createTrayMenu
FNDA:2,registerGlobalShortcut
FNDA:1,unregisterGlobalShortcut
FNDA:1,openFileDialog
FNDA:1,openSaveDialog
FNDA:1,openDirectoryDialog
FNDA:1,createApplicationMenu
FNDA:1,focusWindow
FNDA:1,minimizeWindow
FNDA:1,maximizeWindow
FNDA:1,toggleFullscreen
FNDA:1,getSystemInfo
FNDA:1,checkForUpdates
FNDA:1,openExternalURL
FNDA:2,copyToClipboard
FNDA:1,readFromClipboard
FNDA:1,registerFileAssociation
FNDA:1,onFileDrop
FNDA:1,isDarkMode
FNDA:1,onThemeChange
FNDA:1,getAudioDevices
FNDA:1,openPreferences
DA:2,1
DA:49,1
DA:50,25
DA:51,25
DA:52,25
DA:53,25
DA:54,25
DA:56,25
DA:57,25
DA:58,25
DA:59,25
DA:61,25
DA:62,25
DA:76,25
DA:77,25
DA:79,25
DA:80,2
DA:81,2
DA:82,2
DA:84,25
DA:86,2
DA:89,2
DA:91,2
DA:93,2
DA:94,2
DA:96,25
DA:97,1
DA:98,0
DA:99,0
DA:101,1
DA:102,1
DA:104,25
DA:105,2
DA:106,2
DA:107,2
DA:109,25
DA:110,1
DA:111,1
DA:113,25
DA:115,1
DA:116,1
DA:118,25
DA:120,1
DA:121,1
DA:123,25
DA:125,1
DA:126,1
DA:128,25
DA:130,1
DA:131,1
DA:133,25
DA:134,1
DA:135,1
DA:137,25
DA:138,1
DA:139,1
DA:141,25
DA:142,1
DA:143,1
DA:145,25
DA:146,1
DA:147,1
DA:149,25
DA:150,1
DA:151,1
DA:152,1
DA:153,1
DA:154,1
DA:155,1
DA:157,25
DA:158,1
DA:159,1
DA:160,1
DA:161,1
DA:162,1
DA:163,1
DA:165,25
DA:167,1
DA:168,1
DA:170,25
DA:172,2
DA:173,2
DA:174,2
DA:175,2
DA:176,2
DA:177,2
DA:179,25
DA:180,1
DA:181,1
DA:182,1
DA:184,25
DA:185,1
DA:188,1
DA:190,1
DA:191,1
DA:192,1
DA:194,25
DA:195,1
DA:196,1
DA:198,25
DA:200,1
DA:201,1
DA:203,25
DA:204,1
DA:205,1
DA:207,25
DA:208,1
DA:209,1
DA:210,1
DA:211,1
DA:212,1
DA:214,25
DA:215,1
DA:216,1
DA:217,25
LF:115
LH:113
BRDA:49,0,0,25
BRDA:56,1,0,25
BRDA:61,2,0,25
BRDA:79,3,0,2
BRDA:84,4,0,2
BRDA:96,5,0,1
BRDA:97,6,0,0
BRDA:104,7,0,2
BRDA:109,8,0,1
BRDA:113,9,0,1
BRDA:118,10,0,1
BRDA:120,11,0,0
BRDA:123,12,0,1
BRDA:128,13,0,1
BRDA:133,14,0,1
BRDA:137,15,0,1
BRDA:141,16,0,1
BRDA:145,17,0,1
BRDA:149,18,0,1
BRDA:157,19,0,1
BRDA:165,20,0,1
BRDA:170,21,0,2
BRDA:179,22,0,1
BRDA:181,23,0,0
BRDA:184,24,0,1
BRDA:194,25,0,1
BRDA:198,26,0,1
BRDA:203,27,0,1
BRDA:207,28,0,1
BRDA:214,29,0,1
BRF:30
BRH:27
end_of_record
TN:
SF:src/main/services/platform.service.ts
FN:69,<instance_members_initializer>
FN:72,PlatformService
FN:77,initializeSchema
FN:117,registerIntegration
FN:141,getIntegrationCredentials
FN:146,authorizeWithCode
FN:178,refreshToken
FN:204,publishTrack
FN:237,getUserProfile
FN:256,searchTracks
FN:271,getPlaylists
FN:286,addToPlaylist
FN:298,revokeAuthorization
FN:306,getPublishHistory
FN:316,listIntegrations
FNF:15
FNH:15
FNDA:13,<instance_members_initializer>
FNDA:13,PlatformService
FNDA:13,initializeSchema
FNDA:14,registerIntegration
FNDA:12,getIntegrationCredentials
FNDA:10,authorizeWithCode
FNDA:1,refreshToken
FNDA:3,publishTrack
FNDA:1,getUserProfile
FNDA:1,searchTracks
FNDA:1,getPlaylists
FNDA:1,addToPlaylist
FNDA:1,revokeAuthorization
FNDA:1,getPublishHistory
FNDA:1,listIntegrations
DA:2,1
DA:69,1
DA:70,13
DA:72,13
DA:73,13
DA:74,13
DA:75,13
DA:77,13
DA:78,13
DA:114,13
DA:115,13
DA:117,13
DA:122,14
DA:123,14
DA:124,14
DA:126,14
DA:129,14
DA:131,14
DA:133,14
DA:134,14
DA:135,14
DA:136,14
DA:137,14
DA:138,14
DA:139,14
DA:141,13
DA:142,12
DA:143,12
DA:144,12
DA:146,13
DA:147,10
DA:148,10
DA:149,0
DA:150,0
DA:153,10
DA:154,1
DA:155,1
DA:157,9
DA:158,9
DA:159,9
DA:160,9
DA:161,9
DA:162,9
DA:164,9
DA:167,9
DA:169,9
DA:172,9
DA:173,9
DA:175,9
DA:176,10
DA:178,13
DA:179,1
DA:181,1
DA:182,1
DA:184,1
DA:185,0
DA:186,0
DA:188,1
DA:189,1
DA:190,1
DA:191,1
DA:193,1
DA:197,1
DA:199,1
DA:201,1
DA:202,1
DA:204,13
DA:205,3
DA:206,3
DA:207,3
DA:208,3
DA:209,3
DA:210,3
DA:211,3
DA:213,3
DA:214,0
DA:215,0
DA:217,3
DA:218,3
DA:219,3
DA:221,3
DA:224,3
DA:226,3
DA:228,3
DA:229,3
DA:230,3
DA:231,3
DA:232,3
DA:233,3
DA:234,3
DA:235,3
DA:237,13
DA:238,1
DA:239,1
DA:240,1
DA:242,1
DA:243,0
DA:244,0
DA:246,1
DA:247,1
DA:248,1
DA:249,1
DA:250,1
DA:251,1
DA:252,1
DA:253,1
DA:254,1
DA:256,13
DA:257,1
DA:258,1
DA:259,1
DA:261,1
DA:262,0
DA:263,0
DA:265,1
DA:266,1
DA:267,1
DA:268,1
DA:269,1
DA:271,13
DA:272,1
DA:273,1
DA:274,1
DA:276,1
DA:277,0
DA:278,0
DA:280,1
DA:281,1
DA:282,1
DA:283,1
DA:284,1
DA:286,13
DA:287,1
DA:288,1
DA:289,1
DA:291,1
DA:292,0
DA:293,0
DA:295,1
DA:296,1
DA:298,13
DA:299,1
DA:300,1
DA:302,1
DA:303,1
DA:304,1
DA:306,13
DA:307,1
DA:311,1
DA:313,1
DA:314,1
DA:316,13
DA:317,1
DA:318,1
DA:319,1
DA:320,13
LF:156
LH:142
BRDA:69,0,0,13
BRDA:72,1,0,13
BRDA:77,2,0,13
BRDA:117,3,0,14
BRDA:141,4,0,12
BRDA:146,5,0,10
BRDA:148,6,0,0
BRDA:153,7,0,1
BRDA:155,8,0,9
BRDA:178,9,0,1
BRDA:184,10,0,0
BRDA:204,11,0,3
BRDA:213,12,0,0
BRDA:237,13,0,1
BRDA:242,14,0,0
BRDA:256,15,0,1
BRDA:261,16,0,0
BRDA:271,17,0,1
BRDA:276,18,0,0
BRDA:286,19,0,1
BRDA:291,20,0,0
BRDA:298,21,0,1
BRDA:306,22,0,1
BRDA:316,23,0,1
BRF:24
BRH:17
end_of_record
TN:
SF:src/main/services/plugin.service.ts
FN:31,<instance_members_initializer>
FN:37,PluginService
FN:42,initializeSchema
FN:74,scanPlugins
FN:82,discoverVSTPlugins
FN:86,discoverAUPlugins
FN:91,loadPlugin
FN:115,unloadPlugin
FN:121,getPluginInfo
FN:132,getPluginParameters
FN:141,setPluginParameter
FN:151,getPluginParameter
FN:160,processAudio
FN:169,savePreset
FN:200,loadPreset
FN:214,listPresets
FN:219,exportPreset
FN:223,importPreset
FN:239,validatePlugin
FN:244,recoverFromCrash
FN:248,addToFavorites
FN:254,removeFromFavorites
FN:260,getFavorites
FNF:23
FNH:23
FNDA:19,<instance_members_initializer>
FNDA:19,PluginService
FNDA:19,initializeSchema
FNDA:2,scanPlugins
FNDA:1,discoverVSTPlugins
FNDA:1,discoverAUPlugins
FNDA:12,loadPlugin
FNDA:1,unloadPlugin
FNDA:1,getPluginInfo
FNDA:1,getPluginParameters
FNDA:4,setPluginParameter
FNDA:3,getPluginParameter
FNDA:1,processAudio
FNDA:5,savePreset
FNDA:1,loadPreset
FNDA:1,listPresets
FNDA:1,exportPreset
FNDA:1,importPreset
FNDA:1,validatePlugin
FNDA:1,recoverFromCrash
FNDA:2,addToFavorites
FNDA:1,removeFromFavorites
FNDA:2,getFavorites
DA:2,1
DA:31,1
DA:32,19
DA:33,19
DA:34,19
DA:35,19
DA:37,19
DA:38,19
DA:39,19
DA:40,19
DA:42,19
DA:43,19
DA:71,19
DA:72,19
DA:74,19
DA:76,2
DA:77,2
DA:78,2
DA:79,2
DA:80,2
DA:82,19
DA:83,1
DA:84,1
DA:86,19
DA:88,1
DA:89,1
DA:91,19
DA:92,12
DA:93,12
DA:94,12
DA:95,12
DA:96,12
DA:97,12
DA:98,12
DA:99,12
DA:102,12
DA:105,12
DA:107,12
DA:109,12
DA:110,12
DA:112,12
DA:113,12
DA:115,19
DA:116,1
DA:117,1
DA:118,1
DA:119,1
DA:121,19
DA:122,1
DA:123,1
DA:124,1
DA:125,1
DA:126,1
DA:127,1
DA:128,1
DA:129,1
DA:130,1
DA:132,19
DA:134,1
DA:135,1
DA:136,1
DA:137,1
DA:138,1
DA:139,1
DA:141,19
DA:142,4
DA:143,0
DA:144,0
DA:146,4
DA:147,4
DA:148,4
DA:149,4
DA:151,19
DA:152,3
DA:153,0
DA:154,0
DA:156,3
DA:157,3
DA:158,3
DA:160,19
DA:162,1
DA:163,1
DA:164,512
DA:165,512
DA:166,1
DA:167,1
DA:169,19
DA:170,5
DA:171,5
DA:173,5
DA:174,5
DA:176,5
DA:177,2
DA:178,5
DA:180,5
DA:181,5
DA:182,5
DA:183,5
DA:184,5
DA:185,5
DA:186,5
DA:188,5
DA:190,5
DA:193,5
DA:195,5
DA:197,5
DA:198,5
DA:200,19
DA:201,1
DA:202,1
DA:203,0
DA:204,0
DA:206,1
DA:207,1
DA:208,0
DA:209,1
DA:211,1
DA:212,1
DA:214,19
DA:215,1
DA:216,1
DA:217,1
DA:219,19
DA:220,1
DA:221,1
DA:223,19
DA:224,1
DA:225,1
DA:227,1
DA:228,1
DA:229,1
DA:230,1
DA:231,1
DA:232,1
DA:233,1
DA:235,1
DA:236,1
DA:237,1
DA:239,19
DA:241,1
DA:242,1
DA:244,19
DA:245,1
DA:246,1
DA:248,19
DA:249,2
DA:250,2
DA:251,2
DA:252,2
DA:254,19
DA:255,1
DA:256,1
DA:257,1
DA:258,1
DA:260,19
DA:261,2
DA:262,2
DA:263,2
DA:264,2
DA:265,19
LF:160
LH:153
BRDA:31,0,0,19
BRDA:37,1,0,19
BRDA:42,2,0,19
BRDA:74,3,0,2
BRDA:82,4,0,1
BRDA:86,5,0,1
BRDA:91,6,0,12
BRDA:115,7,0,1
BRDA:121,8,0,1
BRDA:124,9,0,0
BRDA:127,10,0,0
BRDA:128,11,0,0
BRDA:132,12,0,1
BRDA:141,13,0,4
BRDA:142,14,0,0
BRDA:151,15,0,3
BRDA:152,16,0,0
BRDA:157,17,0,2
BRDA:160,18,0,1
BRDA:163,19,0,512
BRDA:169,20,0,5
BRDA:173,21,0,0
BRDA:176,22,0,2
BRDA:200,23,0,1
BRDA:202,24,0,0
BRDA:206,25,0,0
BRDA:214,26,0,1
BRDA:219,27,0,1
BRDA:223,28,0,1
BRDA:239,29,0,1
BRDA:244,30,0,1
BRDA:248,31,0,2
BRDA:254,32,0,1
BRDA:260,33,0,2
BRDA:263,34,0,1
BRF:35
BRH:27
end_of_record
TN:
SF:src/main/services/project.service.ts
FN:24,<instance_members_initializer>
FN:27,ProjectService
FN:32,initializeSchema
FN:47,createProject
FN:69,getProject
FN:74,listProjects
FN:79,updateProject
FN:121,deleteProject
FN:126,saveState
FN:132,exportProject
FN:146,importProject
FN:155,searchProjects
FNF:12
FNH:12
FNDA:10,<instance_members_initializer>
FNDA:10,ProjectService
FNDA:10,initializeSchema
FNDA:13,createProject
FNDA:6,getProject
FNDA:1,listProjects
FNDA:1,updateProject
FNDA:1,deleteProject
FNDA:1,saveState
FNDA:1,exportProject
FNDA:1,importProject
FNDA:1,searchProjects
DA:2,1
DA:3,1
DA:24,1
DA:25,10
DA:27,10
DA:28,10
DA:29,10
DA:30,10
DA:32,10
DA:33,10
DA:44,10
DA:45,10
DA:47,10
DA:48,13
DA:49,13
DA:51,13
DA:54,13
DA:56,13
DA:58,13
DA:59,13
DA:60,13
DA:61,13
DA:62,13
DA:63,13
DA:64,13
DA:65,13
DA:66,13
DA:67,13
DA:69,10
DA:70,6
DA:71,6
DA:72,6
DA:74,10
DA:75,1
DA:76,1
DA:77,1
DA:79,10
DA:80,1
DA:81,1
DA:82,1
DA:84,1
DA:85,1
DA:86,1
DA:87,1
DA:88,1
DA:89,0
DA:90,0
DA:91,0
DA:92,1
DA:93,1
DA:94,1
DA:95,1
DA:96,1
DA:97,0
DA:98,0
DA:99,0
DA:101,1
DA:102,1
DA:103,1
DA:105,1
DA:107,1
DA:109,1
DA:111,1
DA:113,1
DA:114,1
DA:115,0
DA:116,0
DA:118,1
DA:119,1
DA:121,10
DA:122,1
DA:123,1
DA:124,1
DA:126,10
DA:127,1
DA:128,1
DA:129,1
DA:130,1
DA:132,10
DA:133,1
DA:134,1
DA:135,0
DA:136,0
DA:138,1
DA:139,1
DA:140,1
DA:141,1
DA:143,1
DA:144,1
DA:146,10
DA:147,1
DA:148,1
DA:150,1
DA:152,1
DA:153,1
DA:155,10
DA:156,1
DA:160,1
DA:162,1
DA:163,1
DA:164,10
LF:101
LH:91
BRDA:24,0,0,10
BRDA:27,1,0,10
BRDA:32,2,0,10
BRDA:47,3,0,13
BRDA:56,4,0,11
BRDA:56,5,0,0
BRDA:56,6,0,11
BRDA:69,7,0,6
BRDA:74,8,0,1
BRDA:79,9,0,1
BRDA:88,10,0,0
BRDA:96,11,0,0
BRDA:114,12,0,0
BRDA:121,13,0,1
BRDA:126,14,0,1
BRDA:132,15,0,1
BRDA:134,16,0,0
BRDA:140,17,0,0
BRDA:146,18,0,1
BRDA:155,19,0,1
BRF:20
BRH:14
end_of_record
TN:
SF:src/main/services/queue.service.ts
FN:59,<instance_members_initializer>
FN:69,QueueService
FN:84,enqueue
FN:94,getJob
FN:100,listJobs
FN:118,updateProgress
FN:122,markCompleted
FN:126,markFailed
FN:130,cancel
FN:134,retry
FN:147,getConcurrencyLimit
FN:151,getActiveJobCount
FN:156,rowToJob
FNF:13
FNH:13
FNDA:19,<instance_members_initializer>
FNDA:19,QueueService
FNDA:23,enqueue
FNDA:23,getJob
FNDA:3,listJobs
FNDA:1,updateProgress
FNDA:4,markCompleted
FNDA:5,markFailed
FNDA:1,cancel
FNDA:4,retry
FNDA:1,getConcurrencyLimit
FNDA:2,getActiveJobCount
FNDA:29,rowToJob
DA:1,1
DA:37,1
DA:38,1
DA:39,1
DA:40,1
DA:41,1
DA:42,1
DA:43,1
DA:44,1
DA:45,1
DA:46,1
DA:48,1
DA:49,1
DA:50,1
DA:51,1
DA:52,1
DA:53,1
DA:54,1
DA:55,1
DA:56,1
DA:57,1
DA:59,1
DA:60,19
DA:61,19
DA:62,19
DA:63,19
DA:64,19
DA:65,19
DA:66,19
DA:67,19
DA:69,19
DA:70,19
DA:73,19
DA:75,19
DA:76,19
DA:77,19
DA:78,19
DA:79,19
DA:80,19
DA:81,19
DA:82,19
DA:84,19
DA:85,23
DA:86,23
DA:87,23
DA:88,23
DA:90,23
DA:91,23
DA:92,23
DA:94,19
DA:95,23
DA:96,23
DA:97,22
DA:98,23
DA:100,19
DA:101,3
DA:102,3
DA:104,3
DA:105,3
DA:106,3
DA:107,3
DA:108,3
DA:109,0
DA:110,0
DA:111,0
DA:113,3
DA:114,3
DA:115,3
DA:116,3
DA:118,19
DA:119,1
DA:120,1
DA:122,19
DA:123,4
DA:124,4
DA:126,19
DA:127,5
DA:128,5
DA:130,19
DA:131,1
DA:132,1
DA:134,19
DA:135,4
DA:136,4
DA:138,4
DA:140,1
DA:141,1
DA:143,3
DA:144,3
DA:145,4
DA:147,19
DA:148,1
DA:149,1
DA:151,19
DA:152,2
DA:153,2
DA:154,2
DA:156,19
DA:157,29
DA:158,29
DA:159,29
DA:160,29
DA:161,29
DA:162,29
DA:163,29
DA:164,29
DA:165,29
DA:166,29
DA:167,29
DA:168,29
DA:169,29
DA:170,29
DA:171,29
DA:172,29
DA:173,29
DA:174,19
LF:116
LH:113
BRDA:59,0,0,19
BRDA:69,1,0,19
BRDA:84,2,0,23
BRDA:86,3,0,22
BRDA:88,4,0,20
BRDA:94,5,0,23
BRDA:96,6,0,1
BRDA:96,7,0,22
BRDA:100,8,0,3
BRDA:108,9,0,0
BRDA:115,10,0,7
BRDA:118,11,0,1
BRDA:122,12,0,4
BRDA:126,13,0,5
BRDA:130,14,0,1
BRDA:134,15,0,4
BRDA:136,16,0,0
BRDA:138,17,0,1
BRDA:141,18,0,3
BRDA:147,19,0,1
BRDA:148,20,0,0
BRDA:151,21,0,2
BRDA:156,22,0,29
BRDA:163,23,0,4
BRDA:163,24,0,25
BRDA:165,25,0,0
BRDA:166,26,0,0
BRDA:167,27,0,0
BRF:28
BRH:22
end_of_record
TN:
SF:src/main/services/settings.service.ts
FN:3,<instance_members_initializer>
FN:9,SettingsService
FN:19,get
FN:25,set
FN:29,delete
FN:33,getAll
FNF:6
FNH:6
FNDA:16,<instance_members_initializer>
FNDA:16,SettingsService
FNDA:12,get
FNDA:114,set
FNDA:1,delete
FNDA:2,getAll
DA:3,1
DA:4,16
DA:5,16
DA:6,16
DA:7,16
DA:9,16
DA:10,16
DA:11,16
DA:12,16
DA:14,16
DA:15,16
DA:16,16
DA:17,16
DA:19,16
DA:20,12
DA:21,12
DA:22,9
DA:23,12
DA:25,16
DA:26,114
DA:27,114
DA:29,16
DA:30,1
DA:31,1
DA:33,16
DA:34,2
DA:35,2
DA:36,2
DA:37,102
DA:38,102
DA:39,2
DA:40,2
DA:41,16
LF:33
LH:33
BRDA:3,0,0,16
BRDA:9,1,0,16
BRDA:19,2,0,12
BRDA:21,3,0,3
BRDA:21,4,0,9
BRDA:25,5,0,114
BRDA:29,6,0,1
BRDA:33,7,0,2
BRDA:36,8,0,102
BRF:9
BRH:9
end_of_record
TN:
SF:src/main/services/sync.service.ts
FN:33,<instance_members_initializer>
FN:36,SyncService
FN:41,initializeSchema
FN:73,initializeSync
FN:92,getSyncStatus
FN:109,markSynced
FN:123,markOutOfSync
FN:137,updateSyncProgress
FN:149,recordSyncError
FN:161,listSyncSessions
FN:175,recordConflict
FN:186,getConflicts
FN:196,resolveConflict
FN:206,setSyncRules
FNF:14
FNH:14
FNDA:11,<instance_members_initializer>
FNDA:11,SyncService
FNDA:11,initializeSchema
FNDA:11,initializeSync
FNDA:8,getSyncStatus
FNDA:2,markSynced
FNDA:1,markOutOfSync
FNDA:1,updateSyncProgress
FNDA:1,recordSyncError
FNDA:1,listSyncSessions
FNDA:2,recordConflict
FNDA:2,getConflicts
FNDA:1,resolveConflict
FNDA:1,setSyncRules
DA:2,1
DA:33,1
DA:34,11
DA:36,11
DA:37,11
DA:38,11
DA:39,11
DA:41,11
DA:42,11
DA:70,11
DA:71,11
DA:73,11
DA:74,11
DA:75,11
DA:77,11
DA:80,11
DA:82,11
DA:84,11
DA:85,11
DA:86,11
DA:87,11
DA:88,11
DA:89,11
DA:90,11
DA:92,11
DA:93,8
DA:98,8
DA:100,8
DA:101,8
DA:103,7
DA:104,7
DA:105,8
DA:106,8
DA:107,8
DA:109,11
DA:110,2
DA:112,2
DA:116,2
DA:118,2
DA:120,2
DA:121,2
DA:123,11
DA:124,1
DA:126,1
DA:130,1
DA:132,1
DA:134,1
DA:135,1
DA:137,11
DA:138,1
DA:140,1
DA:144,1
DA:146,1
DA:147,1
DA:149,11
DA:150,1
DA:152,1
DA:156,1
DA:158,1
DA:159,1
DA:161,11
DA:162,1
DA:166,1
DA:168,1
DA:169,1
DA:170,2
DA:171,2
DA:172,1
DA:173,1
DA:175,11
DA:176,2
DA:178,2
DA:181,2
DA:183,2
DA:184,2
DA:186,11
DA:187,2
DA:191,2
DA:193,2
DA:194,2
DA:196,11
DA:197,1
DA:201,1
DA:203,1
DA:204,1
DA:206,11
DA:207,1
DA:209,1
DA:213,1
DA:215,1
DA:216,1
DA:217,11
LF:92
LH:92
BRDA:33,0,0,11
BRDA:36,1,0,11
BRDA:41,2,0,11
BRDA:73,3,0,11
BRDA:92,4,0,8
BRDA:101,5,0,1
BRDA:101,6,0,7
BRDA:105,7,0,1
BRDA:105,8,0,6
BRDA:109,9,0,2
BRDA:123,10,0,1
BRDA:137,11,0,1
BRDA:149,12,0,1
BRDA:161,13,0,1
BRDA:169,14,0,2
BRDA:171,15,0,0
BRDA:175,16,0,2
BRDA:186,17,0,2
BRDA:196,18,0,1
BRDA:206,19,0,1
BRF:20
BRH:19
end_of_record
TN:
SF:src/main/services/video.service.ts
FN:23,extractAudio
FN:43,replaceAudio
FN:69,getMetadata
FN:101,generateThumbnails
FN:126,trim
FN:150,convertFormat
FN:163,merge
FNF:7
FNH:7
FNDA:1,extractAudio
FNDA:1,replaceAudio
FNDA:1,getMetadata
FNDA:1,generateThumbnails
FNDA:1,trim
FNDA:1,convertFormat
FNDA:1,merge
DA:1,1
DA:2,1
DA:22,1
DA:23,1
DA:24,1
DA:25,1
DA:27,1
DA:29,1
DA:30,0
DA:31,0
DA:33,1
DA:35,1
DA:36,1
DA:37,0
DA:38,0
DA:40,1
DA:41,1
DA:43,1
DA:44,1
DA:46,1
DA:47,1
DA:48,1
DA:49,1
DA:50,1
DA:51,1
DA:52,1
DA:53,1
DA:54,1
DA:55,1
DA:56,1
DA:57,1
DA:58,1
DA:59,1
DA:61,1
DA:62,1
DA:63,0
DA:64,0
DA:66,1
DA:67,1
DA:69,1
DA:70,1
DA:71,1
DA:72,1
DA:73,1
DA:74,1
DA:75,1
DA:76,1
DA:77,1
DA:78,1
DA:79,1
DA:80,1
DA:81,1
DA:82,1
DA:84,1
DA:85,0
DA:86,0
DA:88,1
DA:89,1
DA:90,1
DA:92,1
DA:93,1
DA:94,1
DA:95,1
DA:96,1
DA:97,1
DA:98,1
DA:99,1
DA:101,1
DA:102,1
DA:103,1
DA:104,1
DA:105,1
DA:106,1
DA:107,1
DA:109,1
DA:110,1
DA:111,1
DA:112,1
DA:113,1
DA:114,1
DA:115,1
DA:116,1
DA:118,1
DA:119,1
DA:120,0
DA:121,0
DA:123,1
DA:124,1
DA:126,1
DA:127,1
DA:129,1
DA:130,1
DA:131,1
DA:132,1
DA:133,1
DA:134,1
DA:135,1
DA:136,1
DA:137,1
DA:138,1
DA:139,1
DA:140,1
DA:142,1
DA:143,1
DA:144,0
DA:145,0
DA:147,1
DA:148,1
DA:150,1
DA:151,1
DA:153,1
DA:155,1
DA:156,1
DA:157,0
DA:158,0
DA:160,1
DA:161,1
DA:163,1
DA:164,1
DA:165,0
DA:166,0
DA:168,1
DA:169,1
DA:172,1
DA:174,1
DA:175,1
DA:176,0
DA:177,0
DA:179,1
DA:180,1
DA:181,1
LF:131
LH:113
BRDA:23,0,0,1
BRDA:24,1,0,0
BRDA:29,2,0,0
BRDA:36,3,0,0
BRDA:43,4,0,1
BRDA:62,5,0,0
BRDA:69,6,0,1
BRDA:84,7,0,0
BRDA:89,8,0,1
BRDA:90,9,0,2
BRDA:101,10,0,1
BRDA:106,11,0,0
BRDA:119,12,0,0
BRDA:126,13,0,1
BRDA:143,14,0,0
BRDA:150,15,0,1
BRDA:156,16,0,0
BRDA:163,17,0,1
BRDA:164,18,0,0
BRDA:175,19,0,0
BRDA:169,20,0,2
BRF:21
BRH:10
end_of_record
TN:
SF:src/main/services/youtube.service.ts
FN:45,getInfo
FN:57,validateUrl
FN:65,buildDownloadCommand
FN:90,parseProgress
FNF:4
FNH:4
FNDA:2,getInfo
FNDA:10,validateUrl
FNDA:1,buildDownloadCommand
FNDA:2,parseProgress
DA:1,1
DA:44,1
DA:45,1
DA:46,2
DA:48,2
DA:50,2
DA:51,0
DA:52,0
DA:54,2
DA:55,2
DA:57,1
DA:58,10
DA:60,10
DA:61,3
DA:62,3
DA:63,10
DA:65,1
DA:66,1
DA:68,1
DA:70,1
DA:71,1
DA:72,1
DA:74,1
DA:75,0
DA:76,0
DA:78,1
DA:79,1
DA:80,1
DA:82,1
DA:84,1
DA:85,1
DA:86,1
DA:87,1
DA:88,1
DA:90,1
DA:92,2
DA:94,2
DA:95,1
DA:96,1
DA:98,1
DA:99,1
DA:100,1
DA:101,1
DA:102,1
DA:103,1
DA:104,2
DA:105,1
LF:47
LH:43
BRDA:45,0,0,2
BRDA:50,1,0,0
BRDA:57,2,0,10
BRDA:60,3,0,3
BRDA:65,4,0,1
BRDA:74,5,0,0
BRDA:90,6,0,2
BRDA:94,7,0,1
BRF:8
BRH:6
end_of_record
TN:
SF:src/main/utils/logger.ts
FN:18,formatEntry
FN:30,ensureDir
FN:36,getLogFilePath
FN:41,createLogger
FN:46,write
FN:56,info
FN:57,warn
FN:58,error
FN:59,debug
FN:60,child
FNF:10
FNH:9
FNDA:8,formatEntry
FNDA:9,ensureDir
FNDA:8,getLogFilePath
FNDA:9,createLogger
FNDA:8,write
FNDA:6,info
FNDA:1,warn
FNDA:1,error
FNDA:0,debug
FNDA:1,child
DA:1,1
DA:2,1
DA:18,8
DA:19,8
DA:20,8
DA:21,8
DA:22,8
DA:23,8
DA:24,8
DA:25,8
DA:26,8
DA:27,8
DA:28,8
DA:30,9
DA:31,9
DA:32,1
DA:33,1
DA:34,9
DA:36,8
DA:37,8
DA:38,8
DA:39,8
DA:41,1
DA:42,9
DA:44,9
DA:46,9
DA:47,8
DA:48,8
DA:49,8
DA:50,8
DA:51,0
DA:52,0
DA:53,8
DA:55,9
DA:56,9
DA:57,9
DA:58,9
DA:59,9
DA:60,9
DA:61,9
DA:62,9
LF:41
LH:39
BRDA:18,0,0,8
BRDA:25,1,0,1
BRDA:25,2,0,7
BRDA:26,3,0,1
BRDA:26,4,0,7
BRDA:30,5,0,9
BRDA:31,6,0,1
BRDA:36,7,0,8
BRDA:41,8,0,9
BRDA:46,9,0,8
BRDA:50,10,0,0
BRDA:56,11,0,6
BRDA:57,12,0,1
BRDA:58,13,0,1
BRDA:60,14,0,1
BRF:15
BRH:14
end_of_record
TN:
SF:src/main/utils/paths.ts
FN:14,getAppPaths
FNF:1
FNH:1
FNDA:5,getAppPaths
DA:1,1
DA:2,1
DA:14,1
DA:15,5
DA:16,5
DA:17,5
DA:18,5
DA:19,5
DA:20,5
DA:21,5
DA:22,5
DA:23,5
DA:24,5
DA:25,5
LF:14
LH:14
BRDA:14,0,0,5
BRDA:22,1,0,4
BRDA:23,2,0,4
BRF:3
BRH:3
end_of_record
TN:
SF:src/main/utils/process-runner.ts
FN:14,getEnhancedEnv
FN:37,runProcess
FN:55,settle
FN:73,onAbort
FNF:4
FNH:4
FNDA:64,getEnhancedEnv
FNDA:64,runProcess
FNDA:92,settle
FNDA:1,onAbort
DA:1,1
DA:5,1
DA:6,1
DA:7,1
DA:8,1
DA:9,1
DA:10,1
DA:11,1
DA:12,1
DA:14,1
DA:15,64
DA:16,64
DA:17,64
DA:18,384
DA:19,384
DA:20,64
DA:21,64
DA:37,1
DA:38,64
DA:39,64
DA:40,64
DA:41,64
DA:42,64
DA:43,64
DA:45,64
DA:46,64
DA:47,64
DA:48,64
DA:49,64
DA:51,64
DA:52,64
DA:53,64
DA:55,64
DA:56,92
DA:57,63
DA:58,63
DA:59,63
DA:60,92
DA:63,64
DA:64,64
DA:65,58
DA:66,1
DA:67,1
DA:68,58
DA:69,58
DA:72,64
DA:73,1
DA:74,1
DA:75,1
DA:76,1
DA:77,1
DA:78,0
DA:79,0
DA:80,0
DA:81,1
DA:82,1
DA:84,64
DA:85,34
DA:86,34
DA:87,34
DA:88,64
DA:90,64
DA:91,2
DA:92,2
DA:93,64
DA:95,64
DA:96,27
DA:97,27
DA:98,64
DA:100,64
DA:101,63
DA:102,63
DA:103,34
DA:104,34
DA:105,34
DA:106,34
DA:107,34
DA:108,63
DA:109,64
DA:110,64
DA:111,64
LF:81
LH:78
BRDA:14,0,0,64
BRDA:15,1,0,0
BRDA:17,2,0,384
BRDA:18,3,0,0
BRDA:37,4,0,64
BRDA:42,5,0,64
BRDA:64,6,0,58
BRDA:72,7,0,1
BRDA:77,8,0,0
BRDA:55,9,0,92
BRDA:56,10,0,63
BRDA:65,11,0,1
BRDA:67,12,0,1
BRDA:73,13,0,1
BRDA:75,14,0,1
BRDA:84,15,0,34
BRDA:87,16,0,2
BRDA:90,17,0,2
BRDA:95,18,0,27
BRDA:97,19,0,27
BRDA:100,20,0,63
BRDA:101,21,0,57
BRDA:102,22,0,34
BRDA:106,23,0,0
BRF:24
BRH:20
end_of_record
TN:
SF:src/renderer/env.d.ts
FN:1,(empty-report)
FNF:1
FNH:1
FNDA:1,(empty-report)
LF:0
LH:0
BRDA:1,0,0,1
BRF:1
BRH:1
end_of_record
TN:
SF:src/renderer/services/audioEngine.ts
FN:14,<instance_members_initializer>
FN:24,getContext
FN:33,loadFile
FN:59,play
FN:77,pause
FN:97,stop
FN:114,setMasterVolume
FN:121,setTrackVolume
FN:134,setTrackMute
FN:149,setTrackSolo
FN:156,seek
FN:164,hasAudio
FN:168,getTrackBuffer
FN:172,addTrack
FN:187,removeTrack
FN:203,_startTrack
FN:220,sourceNode.onended
FN:230,_applySoloLogic
FN:246,_tick
FN:265,<instance_members_initializer>
FN:273,getCtx
FN:278,start
FN:289,stop
FN:297,isActive
FN:299,_schedule
FN:310,_click
FN:331,<instance_members_initializer>
FN:335,tap
FN:353,reset
FNF:29
FNH:29
FNDA:40,<instance_members_initializer>
FNDA:48,getContext
FNDA:14,loadFile
FNDA:17,play
FNDA:3,pause
FNDA:3,stop
FNDA:2,setMasterVolume
FNDA:2,setTrackVolume
FNDA:4,setTrackMute
FNDA:2,setTrackSolo
FNDA:3,seek
FNDA:1,hasAudio
FNDA:4,getTrackBuffer
FNDA:19,addTrack
FNDA:3,removeTrack
FNDA:12,_startTrack
FNDA:1,sourceNode.onended
FNDA:1,_applySoloLogic
FNDA:17,_tick
FNDA:40,<instance_members_initializer>
FNDA:9,getCtx
FNDA:6,start
FNDA:12,stop
FNDA:5,isActive
FNDA:2,_schedule
FNDA:1,_click
FNDA:40,<instance_members_initializer>
FNDA:11,tap
FNDA:6,reset
DA:1,1
DA:14,1
DA:15,40
DA:16,40
DA:17,40
DA:18,40
DA:19,40
DA:20,40
DA:21,40
DA:22,40
DA:24,40
DA:25,48
DA:26,18
DA:27,18
DA:28,18
DA:29,18
DA:30,48
DA:31,48
DA:33,40
DA:34,14
DA:35,14
DA:36,14
DA:38,14
DA:39,14
DA:40,14
DA:41,14
DA:42,14
DA:43,14
DA:44,14
DA:45,14
DA:46,14
DA:47,14
DA:48,14
DA:50,14
DA:53,14
DA:54,13
DA:55,13
DA:56,13
DA:57,14
DA:59,40
DA:60,17
DA:61,17
DA:62,1
DA:63,1
DA:65,17
DA:66,17
DA:68,17
DA:69,12
DA:70,12
DA:71,12
DA:73,17
DA:74,17
DA:75,17
DA:77,40
DA:78,3
DA:79,3
DA:81,3
DA:82,3
DA:84,3
DA:85,2
DA:86,2
DA:87,2
DA:89,3
DA:90,3
DA:91,3
DA:92,3
DA:94,3
DA:95,3
DA:97,40
DA:98,3
DA:99,3
DA:101,3
DA:102,2
DA:103,2
DA:104,2
DA:106,3
DA:107,3
DA:108,3
DA:109,3
DA:111,3
DA:112,3
DA:114,40
DA:115,2
DA:116,1
DA:117,1
DA:118,2
DA:119,2
DA:121,40
DA:122,2
DA:123,2
DA:124,1
DA:125,1
DA:126,1
DA:127,1
DA:128,1
DA:129,1
DA:130,1
DA:131,1
DA:132,2
DA:134,40
DA:135,4
DA:136,4
DA:137,3
DA:138,3
DA:139,3
DA:140,3
DA:141,3
DA:142,3
DA:143,3
DA:144,3
DA:145,3
DA:146,3
DA:147,4
DA:149,40
DA:150,2
DA:151,2
DA:152,1
DA:153,1
DA:154,2
DA:156,40
DA:157,3
DA:158,3
DA:159,3
DA:160,3
DA:161,3
DA:162,3
DA:164,40
DA:165,1
DA:166,1
DA:168,40
DA:169,4
DA:170,4
DA:172,40
DA:173,19
DA:174,18
DA:175,18
DA:176,18
DA:177,18
DA:178,18
DA:179,18
DA:180,18
DA:181,18
DA:182,18
DA:183,18
DA:184,18
DA:185,19
DA:187,40
DA:188,3
DA:189,3
DA:190,3
DA:191,3
DA:192,3
DA:194,3
DA:195,3
DA:196,1
DA:197,1
DA:198,1
DA:199,1
DA:200,3
DA:201,3
DA:203,40
DA:204,12
DA:205,12
DA:207,12
DA:208,12
DA:209,12
DA:210,12
DA:211,12
DA:213,12
DA:214,12
DA:215,12
DA:217,12
DA:218,12
DA:220,12
DA:221,1
DA:222,1
DA:223,1
DA:224,1
DA:226,12
DA:227,12
DA:228,12
DA:230,40
DA:231,1
DA:232,1
DA:233,1
DA:235,1
DA:236,1
DA:237,1
DA:238,1
DA:239,1
DA:240,1
DA:241,1
DA:242,1
DA:243,1
DA:244,1
DA:246,40
DA:247,17
DA:249,17
DA:250,17
DA:252,17
DA:253,0
DA:254,0
DA:255,0
DA:257,17
DA:258,17
DA:259,40
DA:261,1
DA:265,1
DA:266,40
DA:267,40
DA:268,40
DA:269,40
DA:270,40
DA:271,40
DA:273,40
DA:274,9
DA:275,9
DA:276,9
DA:278,40
DA:279,6
DA:280,6
DA:281,6
DA:282,6
DA:283,6
DA:284,6
DA:285,6
DA:286,6
DA:287,6
DA:289,40
DA:290,12
DA:291,12
DA:292,6
DA:293,6
DA:294,6
DA:295,12
DA:297,40
DA:299,40
DA:300,2
DA:301,2
DA:303,2
DA:304,1
DA:305,1
DA:306,1
DA:307,1
DA:308,2
DA:310,40
DA:311,1
DA:312,1
DA:313,1
DA:315,1
DA:316,1
DA:318,1
DA:319,1
DA:320,1
DA:322,1
DA:323,1
DA:324,1
DA:325,40
DA:327,1
DA:331,1
DA:332,40
DA:333,40
DA:335,40
DA:336,11
DA:337,11
DA:339,11
DA:340,1
DA:341,1
DA:342,11
DA:344,11
DA:346,11
DA:348,4
DA:349,4
DA:350,4
DA:351,11
DA:353,40
DA:354,40
DA:356,1
LF:278
LH:275
BRDA:14,0,0,40
BRDA:24,1,0,48
BRDA:25,2,0,18
BRDA:33,3,0,14
BRDA:43,4,0,0
BRDA:44,5,0,0
BRDA:45,6,0,0
BRDA:53,7,0,13
BRDA:59,8,0,17
BRDA:61,9,0,1
BRDA:68,10,0,12
BRDA:69,11,0,0
BRDA:77,12,0,3
BRDA:79,13,0,0
BRDA:84,14,0,2
BRDA:97,15,0,3
BRDA:101,16,0,2
BRDA:114,17,0,2
BRDA:115,18,0,1
BRDA:121,19,0,2
BRDA:123,20,0,1
BRDA:127,21,0,0
BRDA:134,22,0,4
BRDA:136,23,0,1
BRDA:136,24,0,3
BRDA:140,25,0,1
BRDA:140,26,0,0
BRDA:142,27,0,2
BRDA:142,28,0,1
BRDA:139,29,0,3
BRDA:149,30,0,2
BRDA:151,31,0,1
BRDA:156,32,0,3
BRDA:158,33,0,1
BRDA:161,34,0,1
BRDA:164,35,0,1
BRDA:165,36,0,1
BRDA:168,37,0,4
BRDA:169,38,0,2
BRDA:172,39,0,19
BRDA:173,40,0,18
BRDA:187,41,0,3
BRDA:190,42,0,1
BRDA:195,43,0,1
BRDA:203,44,0,12
BRDA:205,45,0,0
BRDA:209,46,0,0
BRDA:210,47,0,0
BRDA:208,48,0,12
BRDA:220,49,0,1
BRDA:230,50,0,1
BRDA:232,51,0,0
BRDA:236,52,0,0
BRDA:239,53,0,0
BRDA:233,54,0,1
BRDA:246,55,0,17
BRDA:247,56,0,0
BRDA:252,57,0,12
BRDA:252,58,0,0
BRDA:265,59,0,40
BRDA:273,60,0,9
BRDA:274,61,0,5
BRDA:278,62,0,6
BRDA:282,63,0,1
BRDA:286,64,0,2
BRDA:289,65,0,12
BRDA:291,66,0,6
BRDA:297,67,0,5
BRDA:299,68,0,2
BRDA:303,69,0,1
BRDA:310,70,0,1
BRDA:318,71,0,0
BRDA:319,72,0,0
BRDA:331,73,0,40
BRDA:335,74,0,11
BRDA:337,75,0,6
BRDA:339,76,0,5
BRDA:339,77,0,1
BRDA:346,78,0,7
BRDA:346,79,0,4
BRDA:348,80,0,7
BRDA:349,81,0,7
BRDA:353,82,0,6
BRF:83
BRH:66
end_of_record
TN:
SF:src/renderer/services/recordingService.ts
FN:3,<instance_members_initializer>
FN:12,isRecording
FN:16,getTrackId
FN:20,start
FN:38,mediaRecorder.ondataavailable
FN:42,mediaRecorder.onstop
FN:53,stop
FNF:7
FNH:7
FNDA:22,<instance_members_initializer>
FNDA:4,isRecording
FNDA:2,getTrackId
FNDA:9,start
FNDA:1,mediaRecorder.ondataavailable
FNDA:1,mediaRecorder.onstop
FNDA:3,stop
DA:3,1
DA:4,22
DA:5,22
DA:6,22
DA:7,22
DA:8,22
DA:10,22
DA:12,22
DA:13,4
DA:14,4
DA:16,22
DA:17,2
DA:18,2
DA:20,22
DA:21,9
DA:22,1
DA:23,1
DA:25,8
DA:27,7
DA:28,7
DA:29,7
DA:30,7
DA:32,7
DA:33,7
DA:34,0
DA:36,9
DA:38,9
DA:39,1
DA:40,1
DA:42,9
DA:43,1
DA:44,1
DA:45,1
DA:46,1
DA:47,1
DA:48,1
DA:50,9
DA:51,9
DA:53,22
DA:54,3
DA:55,3
DA:56,3
DA:57,3
DA:58,3
DA:59,22
DA:61,1
LF:46
LH:45
BRDA:3,0,0,22
BRDA:12,1,0,4
BRDA:16,2,0,2
BRDA:20,3,0,9
BRDA:21,4,0,1
BRDA:23,5,0,8
BRDA:25,6,0,7
BRDA:33,7,0,0
BRDA:38,8,0,1
BRDA:42,9,0,1
BRDA:53,10,0,3
BRDA:55,11,0,4
BRF:12
BRH:11
end_of_record
TN:
SF:src/renderer/stores/playbackStore.ts
FN:12,createPlaybackStore
FN:26,play
FN:27,pause
FN:28,stop
FN:29,seek
FN:30,setVolume
FN:31,setDuration
FN:32,setMuted
FN:33,setBpm
FN:34,reset
FNF:10
FNH:10
FNDA:47,createPlaybackStore
FNDA:23,play
FNDA:4,pause
FNDA:4,stop
FNDA:28,seek
FNDA:8,setVolume
FNDA:21,setDuration
FNDA:4,setMuted
FNDA:5,setBpm
FNDA:70,reset
DA:1,1
DA:12,47
DA:13,47
DA:14,47
DA:15,47
DA:16,47
DA:17,47
DA:18,47
DA:19,47
DA:20,47
DA:22,47
DA:24,47
DA:25,47
DA:26,47
DA:27,47
DA:28,47
DA:29,47
DA:30,47
DA:31,47
DA:32,47
DA:33,47
DA:34,47
DA:35,47
DA:36,47
DA:38,1
LF:25
LH:25
BRDA:12,0,0,47
BRDA:26,1,0,23
BRDA:26,2,0,23
BRDA:27,3,0,4
BRDA:27,4,0,4
BRDA:28,5,0,4
BRDA:28,6,0,4
BRDA:29,7,0,28
BRDA:29,8,0,28
BRDA:30,9,0,8
BRDA:30,10,0,8
BRDA:31,11,0,21
BRDA:31,12,0,21
BRDA:32,13,0,4
BRDA:32,14,0,4
BRDA:33,15,0,5
BRDA:33,16,0,5
BRDA:34,17,0,70
BRF:18
BRH:18
end_of_record
TN:
SF:src/renderer/stores/projectStore.ts
FN:15,loadFromStorage
FN:36,saveToStorage
FN:44,createProjectStore
FN:54,addProject
FN:57,removeProject
FN:61,updateProject
FN:72,setCurrentProject
FN:75,getCurrentProject
FNF:8
FNH:8
FNDA:8,loadFromStorage
FNDA:21,saveToStorage
FNDA:8,createProjectStore
FNDA:7,addProject
FNDA:2,removeProject
FNDA:4,updateProject
FNDA:66,setCurrentProject
FNDA:49,getCurrentProject
DA:1,1
DA:13,1
DA:15,8
DA:16,8
DA:17,8
DA:18,8
DA:19,8
DA:21,0
DA:23,8
DA:24,8
DA:25,8
DA:26,8
DA:27,8
DA:28,8
DA:29,8
DA:30,8
DA:31,8
DA:32,8
DA:33,8
DA:34,8
DA:36,21
DA:37,21
DA:38,21
DA:39,21
DA:41,0
DA:42,21
DA:44,8
DA:45,8
DA:48,8
DA:50,8
DA:52,8
DA:53,8
DA:54,8
DA:55,7
DA:56,7
DA:57,8
DA:58,2
DA:59,2
DA:60,2
DA:61,8
DA:62,4
DA:63,4
DA:64,7
DA:65,4
DA:66,4
DA:68,4
DA:69,4
DA:70,4
DA:71,4
DA:72,8
DA:73,66
DA:74,66
DA:75,8
DA:76,8
DA:77,8
DA:79,1
LF:56
LH:54
BRDA:15,0,0,8
BRDA:18,1,0,0
BRDA:19,2,0,0
BRDA:36,3,0,21
BRDA:39,4,0,0
BRDA:44,5,0,8
BRDA:48,6,0,21
BRDA:54,7,0,7
BRDA:55,8,0,7
BRDA:57,9,0,2
BRDA:58,10,0,2
BRDA:58,11,0,5
BRDA:59,12,0,2
BRDA:59,13,0,1
BRDA:59,14,0,0
BRDA:61,15,0,4
BRDA:62,16,0,4
BRDA:63,17,0,7
BRDA:64,18,0,3
BRDA:64,19,0,4
BRDA:68,20,0,4
BRDA:69,21,0,1
BRDA:69,22,0,1
BRDA:69,23,0,3
BRDA:72,24,0,66
BRDA:75,25,0,49
BRF:26
BRH:22
end_of_record
TN:
SF:src/renderer/stores/settingsStore.ts
FN:27,clamp
FN:31,sanitize
FN:45,loadFromStorage
FN:58,saveToStorage
FN:66,createSettingsStore
FN:73,update
FN:76,reset
FNF:7
FNH:7
FNDA:7,clamp
FNDA:10,sanitize
FNDA:11,loadFromStorage
FNDA:35,saveToStorage
FNDA:11,createSettingsStore
FNDA:9,update
FNDA:15,reset
DA:1,1
DA:15,1
DA:16,1
DA:17,1
DA:18,1
DA:19,1
DA:20,1
DA:21,1
DA:22,1
DA:24,1
DA:25,1
DA:27,7
DA:28,7
DA:29,7
DA:31,10
DA:32,10
DA:33,10
DA:34,6
DA:35,6
DA:36,10
DA:37,1
DA:38,1
DA:39,10
DA:40,1
DA:41,1
DA:42,10
DA:43,10
DA:45,11
DA:46,11
DA:47,11
DA:48,11
DA:49,1
DA:50,1
DA:51,1
DA:52,11
DA:54,0
DA:55,10
DA:56,10
DA:58,35
DA:59,35
DA:60,35
DA:61,35
DA:63,0
DA:64,35
DA:66,11
DA:67,11
DA:69,11
DA:71,11
DA:72,11
DA:73,11
DA:74,9
DA:75,9
DA:76,11
DA:77,15
DA:78,15
DA:79,11
DA:80,11
DA:82,1
LF:58
LH:56
BRDA:27,0,0,7
BRDA:31,1,0,10
BRDA:33,2,0,6
BRDA:36,3,0,1
BRDA:39,4,0,6
BRDA:39,5,0,1
BRDA:45,6,0,11
BRDA:48,7,0,1
BRDA:52,8,0,0
BRDA:54,9,0,10
BRDA:58,10,0,35
BRDA:61,11,0,0
BRDA:66,12,0,11
BRDA:73,13,0,9
BRDA:74,14,0,9
BRDA:76,15,0,15
BRF:16
BRH:14
end_of_record
TN:
SF:src/shared/types.ts
FNF:0
FNH:0
DA:1,1
DA:3,1
DA:4,1
DA:5,1
DA:6,1
DA:9,1
DA:10,1
DA:11,1
DA:12,1
DA:13,1
DA:16,1
DA:17,1
DA:18,1
DA:19,1
DA:22,1
DA:23,1
DA:24,1
DA:25,1
DA:28,1
DA:29,1
DA:30,1
DA:31,1
DA:34,1
DA:35,1
DA:36,1
DA:37,1
DA:38,1
DA:41,1
DA:42,1
DA:43,1
DA:44,1
DA:47,1
DA:48,1
DA:49,1
DA:52,1
DA:53,1
DA:56,1
DA:59,1
DA:60,1
DA:61,1
DA:64,1
DA:65,1
DA:66,1
DA:67,1
DA:70,1
DA:71,1
DA:72,1
DA:73,1
DA:74,1
DA:75,1
DA:76,1
DA:77,1
LF:52
LH:52
BRDA:1,0,0,1
BRDA:70,1,0,1
BRF:2
BRH:2
end_of_record
